2024-09-24T18:06:48.147Z [INFO] Server is running on port: 3000
2024-09-24T18:06:51.434Z [INFO] Server is running on port: 3000
2024-09-24T18:06:57.557Z [ERROR] Service: Error updating ticket status / updateTicketStatsu()
2024-09-24T18:06:57.558Z [ERROR] Controller: Error updating ticket status / updateTicketStatus()
2024-09-24T18:07:19.225Z [INFO] Server is running on port: 3000
2024-09-24T18:07:21.978Z [ERROR] Service: Error updating ticket status / updateTicketStatsu() Cannot read properties of undefined (reading 'status')
TypeError: Cannot read properties of undefined (reading 'status')
    at Object.updateTicketStatus (C:\Users\luiss\OneDrive\Documents\foundation-project\src\services\ticketService.js:127:37)
    at process.processTicksAndRejections (node:internal/process/task_queues:95:5)
    at async updateTicketStatus (C:\Users\luiss\OneDrive\Documents\foundation-project\src\controllers\ticketController.js:113:31)
2024-09-24T18:07:21.981Z [ERROR] Controller: Error updating ticket status / updateTicketStatus()
2024-09-24T18:07:51.711Z [INFO] Server is running on port: 3000
2024-09-24T18:08:07.525Z [INFO] Server is running on port: 3000
2024-09-24T18:08:16.990Z [INFO] Server is running on port: 3000
2024-09-24T18:08:18.551Z [ERROR] Service: Error updating ticket status / updateTicketStatsu()
2024-09-24T18:08:18.552Z [ERROR] Controller: Error updating ticket status / updateTicketStatus()
2024-09-24T18:08:41.833Z [INFO] Server is running on port: 3000
2024-09-24T18:08:51.997Z [INFO] Server is running on port: 3000
2024-09-24T18:09:06.951Z [INFO] Server is running on port: 3000
2024-09-24T18:11:48.255Z [INFO] Server is running on port: 3000
2024-09-24T18:13:09.835Z [INFO] Server is running on port: 3000
2024-09-24T18:13:29.657Z [INFO] Server is running on port: 3000
2024-09-24T18:13:53.767Z [INFO] Server is running on port: 3000
2024-09-24T18:14:02.839Z [ERROR] Service: Error retrieving ticket by status / getTicketByStatus()
2024-09-24T18:14:02.840Z [ERROR] Controller: Error retrieving ticket by status / getTicketByStatus()
2024-09-24T18:14:14.670Z [INFO] Server is running on port: 3000
2024-09-24T18:14:41.319Z [INFO] Server is running on port: 3000
2024-09-24T18:14:41.908Z [ERROR] Service: Error retrieving ticket by status / getTicketByStatus()
2024-09-24T18:14:41.910Z [ERROR] Controller: Error retrieving ticket by status / getTicketByStatus()
2024-09-24T18:14:46.693Z [ERROR] Service: Error retrieving ticket by status / getTicketByStatus()
2024-09-24T18:14:46.694Z [ERROR] Controller: Error retrieving ticket by status / getTicketByStatus()
2024-09-24T18:14:56.444Z [INFO] Server is running on port: 3000
